Arguments: 
  C:\Program Files\nodejs\node.exe C:\Users\mcgra\.yarn\bin\yarn.js

PATH: 
  C:\Users\mcgra\.yarn\bin;C:\Users\mcgra\.config\yarn\global\node_modules\.bin;C:\Users\mcgra\bin;C:\Program Files\Git\mingw64\bin;C:\Program Files\Git\usr\local\bin;C:\Program Files\Git\usr\bin;C:\Program Files\Git\usr\bin;C:\Python39\Scripts;C:\Python39;C:\WINDOWS\system32;C:\WINDOWS;C:\WINDOWS\System32\Wbem;C:\WINDOWS\System32\WindowsPowerShell\v1.0;C:\WINDOWS\System32\OpenSSH;C:\ProgramData\chocolatey\bin;C:\Program Files\Git\cmd;C:\Users\mcgra\AppData\Roaming\nvm;C:\Program Files\nodejs;C:\Program Files\Go\bin;C:\MinGW\bin;C:\Users\mcgra\.local\share\solana\install\active_release\bin;C:\Users\mcgra\.cargo\bin;C:\Users\mcgra\AppData\Local\Microsoft\WindowsApps;C:\Users\mcgra\AppData\Local\Programs\Microsoft VS Code\bin;C:\Program Files\heroku\bin;C:\Users\mcgra\AppData\Local\GitHubDesktop\bin;C:\Users\mcgra\go\bin;C:\ProgramData\chocolatey\lib\mingw\tools\install\mingw64\bin;C:\Users\mcgra\AppData\Roaming\npm;C:\Users\mcgra\.fly\bin;C:\Program Files\Git\usr\bin\vendor_perl;C:\Program Files\Git\usr\bin\core_perl

Yarn version: 
  1.22.19

Node version: 
  16.0.0

Platform: 
  win32 x64

Trace: 
  SyntaxError: C:\Users\mcgra\OneDrive\Documents\AstralBridge-solV1\package.json: Unexpected token } in JSON at position 1412
      at JSON.parse (<anonymous>)
      at C:\Users\mcgra\.yarn\lib\cli.js:1629:59
      at Generator.next (<anonymous>)
      at step (C:\Users\mcgra\.yarn\lib\cli.js:310:30)
      at C:\Users\mcgra\.yarn\lib\cli.js:321:13

npm manifest: 
  {
    "name": "hardhat-project",
    "scripts": {
      "test": "npx hardhat test",
      "coverage": "npx hardhat coverage",
      "start": "./start.sh",
      "server": "npx hardhat run api/app.ts",
      "build": "tsc",
      "upload-artifacts": "ts-node scripts/push_artifacts_s3.ts"
    },
    "devDependencies": {
      "@nomiclabs/hardhat-ethers": "npm:hardhat-deploy-ethers@^0.3.0-beta.13",
      "@nomiclabs/hardhat-waffle": "^2.0.3",
      "@openzeppelin/hardhat-upgrades": "^1.17.0",
      "@types/chai": "^4.3.0",
      "@types/mocha": "^9.0.0",
      "@types/node": "^16.11.13",
      "@types/pg": "^8.6.5",
      "chai": "^4.3.4",
      "ethereum-waffle": "^3.4.4",
      "ethers": "^5.6.9",
      "hardhat": "^2.11.2",
      "hardhat-gas-reporter": "^1.0.8",
      "solidity-coverage": "^0.7.21",
      "typechain": "^8.1.0"
    },
    "dependencies": {
      "@1inch/multicall": "^1.0.7",
      "@nomiclabs/hardhat-web3": "^2.0.0",
      "@openzeppelin/contracts": "^4.4.1",
      "@openzeppelin/contracts-upgradeable": "4.3.3",
      "@openzeppelin/gsn-helpers": "^0.2.4",
      "@typechain/ethers-v5": "^10.1.0",
      "@typechain/hardhat": "^6.1.2",
      "@types/chai-as-promised": "^7.1.4",
      "@types/cors": "^2.8.12",
      "@types/express": "^4.17.13",
      "chai-as-promised": "^7.1.1",
      "dotenv": "^16.0.2",
      "hardhat-deploy": "^0.9.10",
      "node-mime-types": "^1.0.0",
      "token": "^0.1.0",
      "ts-node": "^10.4.0",
      "typescript": "^4.5.4",
    }
  }

yarn manifest: 
  No manifest

Lockfile: 
  No lockfile
